<?xml version="1.0" encoding="UTF-8"?>
<testng-results ignored="0" total="1" passed="1" failed="0" skipped="0">
  <reporter-output>
  </reporter-output>
  <suite started-at="2026-02-04T04:41:38 UTC" name="Default suite" finished-at="2026-02-04T04:41:40 UTC" duration-ms="1942">
    <groups>
    </groups>
    <test started-at="2026-02-04T04:41:38 UTC" name="Default test" finished-at="2026-02-04T04:41:40 UTC" duration-ms="1942">
      <class name="Sample_Authorization.Sample_github">
        <test-method signature="two()[pri:0, instance:Sample_Authorization.Sample_github@6f1de4c7]" started-at="2026-02-04T04:41:38 UTC" name="two" finished-at="2026-02-04T04:41:40 UTC" duration-ms="1908" status="PASS">
          <reporter-output>
          </reporter-output>
        </test-method> <!-- two -->
      </class> <!-- Sample_Authorization.Sample_github -->
    </test> <!-- Default test -->
  </suite> <!-- Default suite -->
</testng-results>
