<?xml version="1.0" encoding="UTF-8"?>
<testng-results ignored="0" total="1" passed="1" failed="0" skipped="0">
  <reporter-output>
  </reporter-output>
  <suite started-at="2026-01-29T06:41:29 UTC" name="Default suite" finished-at="2026-01-29T06:41:32 UTC" duration-ms="2944">
    <groups>
    </groups>
    <test started-at="2026-01-29T06:41:29 UTC" name="Default test" finished-at="2026-01-29T06:41:32 UTC" duration-ms="2944">
      <class name="ExtentReport.ExtentReportDemo">
        <test-method is-config="true" signature="starttest()[pri:0, instance:ExtentReport.ExtentReportDemo@31190526]" started-at="2026-01-29T06:41:29 UTC" name="starttest" finished-at="2026-01-29T06:41:29 UTC" duration-ms="81" status="PASS">
          <reporter-output>
          </reporter-output>
        </test-method> <!-- starttest -->
        <test-method signature="extenttest()[pri:0, instance:ExtentReport.ExtentReportDemo@31190526]" started-at="2026-01-29T06:41:29 UTC" name="extenttest" finished-at="2026-01-29T06:41:32 UTC" duration-ms="2617" status="PASS">
          <reporter-output>
          </reporter-output>
        </test-method> <!-- extenttest -->
        <test-method is-config="true" signature="teardown()[pri:0, instance:ExtentReport.ExtentReportDemo@31190526]" started-at="2026-01-29T06:41:32 UTC" name="teardown" finished-at="2026-01-29T06:41:32 UTC" duration-ms="211" status="PASS">
          <reporter-output>
          </reporter-output>
        </test-method> <!-- teardown -->
      </class> <!-- ExtentReport.ExtentReportDemo -->
    </test> <!-- Default test -->
  </suite> <!-- Default suite -->
</testng-results>
