<?xml version="1.0" encoding="UTF-8"?>
<!-- Generated by org.testng.reporters.JUnitReportReporter -->
<testsuite hostname="ip-172-31-38-11" failures="0" tests="2" name="Builder.sam_builder" time="1.844" errors="0" timestamp="2026-02-03T11:50:13 UTC" skipped="1">
  <testcase classname="Builder.sam_builder" name="build_pre_meth" time="1.844"/>
  <testcase classname="Builder.sam_builder" name="build_unpre_meth">
    <skipped/>
  </testcase> <!-- build_unpre_meth -->
</testsuite> <!-- Builder.sam_builder -->
